{
  "timestamp": "2025-09-09T10:39:45.169Z",
  "server": "http://localhost:3333",
  "suites": {
    "API Functionality Tests": {
      "name": "API Functionality Tests",
      "success": false,
      "exitCode": 1,
      "duration": 4896,
      "output": "üöÄ Starting Enhanced API Tests\nüéØ Server: http://localhost:3333\n‚è±Ô∏è  Timeout: 60000ms\n=============================================================\n\u001b[36m[2025-09-09T10:39:45.645Z] üß™ Running test: Health Check\u001b[0m\n\u001b[32m[2025-09-09T10:39:45.765Z] ‚úÖ PASSED: Health Check (117ms)\u001b[0m\n\u001b[36m[2025-09-09T10:39:46.269Z] üß™ Running test: Enhanced Transcription\u001b[0m\n\u001b[31m[2025-09-09T10:39:46.822Z] ‚ùå FAILED: Enhanced Transcription - Request failed with status code 500\u001b[0m\n‚ö†Ô∏è  Test failed but continuing: Request failed with status code 500\n\u001b[36m[2025-09-09T10:39:46.823Z] üß™ Running test: Enhanced Reminder Parsing\u001b[0m\n\u001b[31m[2025-09-09T10:39:47.186Z] ‚ùå FAILED: Enhanced Reminder Parsing - Request failed with status code 500\u001b[0m\n‚ö†Ô∏è  Test failed but continuing: Request failed with status code 500\n\u001b[36m[2025-09-09T10:39:47.187Z] üß™ Running test: Parse Incomplete Reminder\u001b[0m\n\u001b[31m[2025-09-09T10:39:47.498Z] ‚ùå FAILED: Parse Incomplete Reminder - Request failed with status code 500\u001b[0m\n‚ö†Ô∏è  Test failed but continuing: Request failed with status code 500\n\u001b[36m[2025-09-09T10:39:47.500Z] üß™ Running test: Generate Follow-up Question\u001b[0m\n\u001b[32m[2025-09-09T10:39:47.518Z] ‚úÖ PASSED: Generate Follow-up Question (18ms)\u001b[0m\n\u001b[36m[2025-09-09T10:39:48.023Z] üß™ Running test: Generate Question (Telugu)\u001b[0m\n\u001b[32m[2025-09-09T10:39:48.031Z] ‚úÖ PASSED: Generate Question (Telugu) (7ms)\u001b[0m\n\u001b[36m[2025-09-09T10:39:48.539Z] üß™ Running test: Report Generation\u001b[0m\n\u001b[31m[2025-09-09T10:39:48.861Z] ‚ùå FAILED: Report Generation - Request failed with status code 500\u001b[0m\n‚ö†Ô∏è  Test failed but continuing: Request failed with status code 500\n\u001b[36m[2025-09-09T10:39:48.861Z] üß™ Running test: Conversation Management\u001b[0m\n\u001b[31m[2025-09-09T10:39:49.170Z] ‚ùå FAILED: Conversation Management - Request failed with status code 500\u001b[0m\n‚ö†Ô∏è  Test failed but continuing: Request failed with status code 500\n\u001b[36m[2025-09-09T10:39:49.170Z] üß™ Running test: Error Handling\u001b[0m\n\u001b[32m[2025-09-09T10:39:49.192Z] ‚úÖ PASSED: Error Handling (22ms)\u001b[0m\n\u001b[36m[2025-09-09T10:39:49.698Z] üß™ Running test: Performance Test\u001b[0m\n\u001b[32m[2025-09-09T10:39:49.712Z] ‚úÖ PASSED: Performance Test (14ms)\u001b[0m\n\n============================================================\nüìä TEST SUMMARY\n============================================================\n‚úÖ Passed: 5\n‚ùå Failed: 5\nüìà Total: 10\nüéØ Success Rate: 50.0%\n============================================================\n\n‚ùå FAILED TESTS:\n   - Enhanced Transcription: Request failed with status code 500\n   - Enhanced Reminder Parsing: Request failed with status code 500\n   - Parse Incomplete Reminder: Request failed with status code 500\n   - Report Generation: Request failed with status code 500\n   - Conversation Management: Request failed with status code 500\n\nüíæ Detailed results saved to: C:\\Users\\Raghu\\Desktop\\Voice-Based-Medicine-Reminder\\server\\test-results.json\n\n‚ö†Ô∏è  Some tests failed. Check the results above.\n",
      "errorOutput": ""
    },
    "Multilingual Support Tests": {
      "name": "Multilingual Support Tests",
      "success": false,
      "exitCode": 1,
      "duration": 34908,
      "output": "üåç Starting Multilingual API Tests\nüéØ Server: http://localhost:3333\nüó£Ô∏è Languages: English, Telugu\n=================================================================================\n\u001b[36m[2025-09-09T10:39:52.491Z] \nüìç TEST 1: Language Detection\u001b[0m\n\u001b[36m[2025-09-09T10:39:52.493Z] üåê Testing Language Detection\u001b[0m\n\u001b[31m[2025-09-09T10:39:52.886Z] ‚ùå English: \"Remind me to take Paracetamol ...\" -> Error: Request failed with status code 500\u001b[0m\n\u001b[31m[2025-09-09T10:39:53.695Z] ‚ùå English: \"I need to take Aspirin twice a...\" -> Error: Request failed with status code 500\u001b[0m\n\u001b[31m[2025-09-09T10:39:54.510Z] ‚ùå English: \"Medicine reminder for Vitamin ...\" -> Error: Request failed with status code 500\u001b[0m\n\u001b[31m[2025-09-09T10:39:55.334Z] ‚ùå English: \"Take blood pressure medicine...\" -> Error: Request failed with status code 500\u001b[0m\n\u001b[31m[2025-09-09T10:39:56.158Z] ‚ùå Telugu: \"‡∞∞‡±ã‡∞ú‡±Ç ‡∞â‡∞¶‡∞Ø‡∞Ç 8 ‡∞ó‡∞Ç‡∞ü‡∞≤‡∞ï‡±Å ‡∞™‡∞æ‡∞∞‡∞æ‡∞∏‡∞ø‡∞ü‡∞Æ‡∞æ‡∞≤‡±ç...\" -> Error: Request failed with status code 500\u001b[0m\n\u001b[31m[2025-09-09T10:39:57.525Z] ‚ùå Telugu: \"‡∞∞‡±ã‡∞ú‡±Å‡∞ï‡±Å ‡∞∞‡±Ü‡∞Ç‡∞°‡±Å‡∞∏‡∞æ‡∞∞‡±ç‡∞≤‡±Å ‡∞Ü‡∞∏‡±ç‡∞™‡∞ø‡∞∞‡∞ø‡∞®‡±ç ‡∞§...\" -> Error: Request failed with status code 500\u001b[0m\n\u001b[31m[2025-09-09T10:39:58.340Z] ‚ùå Telugu: \"‡∞∞‡∞æ‡∞§‡±ç‡∞∞‡∞ø 10 ‡∞ó‡∞Ç‡∞ü‡∞≤‡∞ï‡±Å ‡∞µ‡∞ø‡∞ü‡∞Æ‡∞ø‡∞®‡±ç D ‡∞ï‡±ã‡∞∏...\" -> Error: Request failed with status code 500\u001b[0m\n\u001b[31m[2025-09-09T10:39:59.158Z] ‚ùå Telugu: \"‡∞¨‡±ç‡∞≤‡∞°‡±ç ‡∞™‡±ç‡∞∞‡±Ü‡∞∑‡∞∞‡±ç ‡∞Æ‡∞Ç‡∞¶‡±Å ‡∞§‡±Ä‡∞∏‡±Å‡∞ï‡±ã‡∞µ‡∞æ‡∞≤‡∞ø...\" -> Error: Request failed with status code 500\u001b[0m\n\u001b[36m[2025-09-09T10:39:59.667Z] \nüìç TEST 2: Reminder Parsing\u001b[0m\n\u001b[36m[2025-09-09T10:39:59.667Z] üß† Testing Reminder Parsing Across Languages\u001b[0m\n\u001b[36m[2025-09-09T10:39:59.668Z] Testing English (en)\u001b[0m\n\u001b[31m[2025-09-09T10:39:59.974Z] ‚ùå Parsing failed: Request failed with status code 500\u001b[0m\n\u001b[31m[2025-09-09T10:40:00.791Z] ‚ùå Parsing failed: Request failed with status code 500\u001b[0m\n\u001b[31m[2025-09-09T10:40:01.633Z] ‚ùå Parsing failed: Request failed with status code 500\u001b[0m\n\u001b[31m[2025-09-09T10:40:02.456Z] ‚ùå Parsing failed: Request failed with status code 500\u001b[0m\n\u001b[36m[2025-09-09T10:40:02.967Z] Testing Telugu (te)\u001b[0m\n\u001b[31m[2025-09-09T10:40:03.281Z] ‚ùå Parsing failed: Request failed with status code 500\u001b[0m\n\u001b[31m[2025-09-09T10:40:04.104Z] ‚ùå Parsing failed: Request failed with status code 500\u001b[0m\n\u001b[31m[2025-09-09T10:40:04.916Z] ‚ùå Parsing failed: Request failed with status code 500\u001b[0m\n\u001b[31m[2025-09-09T10:40:05.733Z] ‚ùå Parsing failed: Request failed with status code 500\u001b[0m\n\u001b[36m[2025-09-09T10:40:06.235Z] \nüìç TEST 3: Question Generation\u001b[0m\n\u001b[36m[2025-09-09T10:40:06.235Z] ‚ùì Testing Question Generation in Multiple Languages\u001b[0m\n\u001b[36m[2025-09-09T10:40:06.235Z] Testing questions in English\u001b[0m\n\u001b[32m[2025-09-09T10:40:06.240Z] ‚úÖ Missing Medicine: \"What medicine do you need a reminder for?\"\u001b[0m\n\u001b[32m[2025-09-09T10:40:06.754Z] ‚úÖ Missing Time: \"What time should I remind you to take it?\"\u001b[0m\n\u001b[32m[2025-09-09T10:40:07.271Z] ‚úÖ Missing Dosage: \"What's the dosage amount?\"\u001b[0m\n\u001b[32m[2025-09-09T10:40:07.788Z] ‚úÖ Missing Multiple: \"What medicine do you need a reminder for?\"\u001b[0m\n\u001b[36m[2025-09-09T10:40:08.298Z] Testing questions in Telugu\u001b[0m\n\u001b[32m[2025-09-09T10:40:08.304Z] ‚úÖ Missing Medicine: \"‡∞è ‡∞Æ‡∞Ç‡∞¶‡±Å‡∞ï‡±Å ‡∞∞‡∞ø‡∞Æ‡±à‡∞Ç‡∞°‡∞∞‡±ç ‡∞ï‡∞æ‡∞µ‡∞æ‡∞≤‡∞ø?\"\u001b[0m\n\u001b[32m[2025-09-09T10:40:08.825Z] ‚úÖ Missing Time: \"‡∞é‡∞™‡±ç‡∞™‡±Å‡∞°‡±Å ‡∞§‡±Ä‡∞∏‡±Å‡∞ï‡±ã‡∞µ‡∞æ‡∞≤‡∞®‡∞ø ‡∞ó‡±Å‡∞∞‡±ç‡∞§‡±Å ‡∞ö‡±á‡∞Ø‡∞æ‡∞≤‡∞ø?\"\u001b[0m\n\u001b[32m[2025-09-09T10:40:09.340Z] ‚úÖ Missing Dosage: \"‡∞é‡∞Ç‡∞§ ‡∞Æ‡±ã‡∞§‡∞æ‡∞¶‡±Å ‡∞§‡±Ä‡∞∏‡±Å‡∞ï‡±ã‡∞µ‡∞æ‡∞≤‡∞ø?\"\u001b[0m\n\u001b[32m[2025-09-09T10:40:09.858Z] ‚úÖ Missing Multiple: \"‡∞è ‡∞Æ‡∞Ç‡∞¶‡±Å‡∞ï‡±Å ‡∞∞‡∞ø‡∞Æ‡±à‡∞Ç‡∞°‡∞∞‡±ç ‡∞ï‡∞æ‡∞µ‡∞æ‡∞≤‡∞ø?\"\u001b[0m\n\u001b[36m[2025-09-09T10:40:10.359Z] \nüìç TEST 4: Conversation Flow\u001b[0m\n\u001b[36m[2025-09-09T10:40:10.360Z] üí¨ Testing Complete Conversation Flow\u001b[0m\n\u001b[36m[2025-09-09T10:40:10.360Z] Testing conversation flow in English\u001b[0m\n\u001b[31m[2025-09-09T10:40:10.844Z] ‚ùå Step 1 failed: Request failed with status code 500\u001b[0m\n\u001b[31m[2025-09-09T10:40:12.161Z] ‚ùå Step 2 failed: Request failed with status code 500\u001b[0m\n\u001b[31m[2025-09-09T10:40:13.486Z] ‚ùå Step 3 failed: Request failed with status code 500\u001b[0m\n\u001b[31m[2025-09-09T10:40:16.793Z] ‚ùå Step 4 failed: Request failed with status code 500\u001b[0m\n\u001b[36m[2025-09-09T10:40:17.807Z] üßπ Conversation flow-en-1757414410360 cleared\u001b[0m\n\u001b[36m[2025-09-09T10:40:17.807Z] Testing conversation flow in Telugu\u001b[0m\n\u001b[31m[2025-09-09T10:40:18.647Z] ‚ùå Step 1 failed: Request failed with status code 500\u001b[0m\n\u001b[31m[2025-09-09T10:40:19.952Z] ‚ùå Step 2 failed: Request failed with status code 500\u001b[0m\n\u001b[31m[2025-09-09T10:40:21.281Z] ‚ùå Step 3 failed: Request failed with status code 500\u001b[0m\n\u001b[31m[2025-09-09T10:40:22.649Z] ‚ùå Step 4 failed: Request failed with status code 500\u001b[0m\n\u001b[36m[2025-09-09T10:40:23.656Z] üßπ Conversation flow-te-1757414417807 cleared\u001b[0m\n\u001b[36m[2025-09-09T10:40:23.656Z] \nüìç TEST 5: Report Generation\u001b[0m\n\u001b[36m[2025-09-09T10:40:23.656Z] üìä Testing Report Generation in Multiple Languages\u001b[0m\n\u001b[31m[2025-09-09T10:40:23.977Z] ‚ùå English report failed: Request failed with status code 500\u001b[0m\n\u001b[31m[2025-09-09T10:40:26.114Z] ‚ùå Telugu report failed: Request failed with status code 500\u001b[0m\n\n================================================================================\nüìä MULTILINGUAL TEST SUMMARY\n================================================================================\n‚úÖ Passed: 8\n‚ùå Failed: 26\nüìà Total: 34\nüéØ Success Rate: 23.5%\n\nüåç BY LANGUAGE:\n   English: 4/13 (30.8%)\n   Telugu: 4/13 (30.8%)\n================================================================================\n\u001b[36m[2025-09-09T10:40:27.120Z] \nüíæ Detailed results saved to: C:\\Users\\Raghu\\Desktop\\Voice-Based-Medicine-Reminder\\server\\multilingual-test-results.json\u001b[0m\n\n‚ö†Ô∏è Some tests failed. Check results above.\n",
      "errorOutput": ""
    },
    "Performance Tests": {
      "name": "Performance Tests",
      "success": false,
      "exitCode": 1,
      "duration": 64515,
      "output": "‚ö° Starting Performance Test Suite\nüéØ Server: http://localhost:3333\n=======================================================================\n\u001b[36m[2025-09-09T10:40:29.412Z] üèÉ‚Äç‚ôÇÔ∏è Performance testing: Health Check (50 iterations)\u001b[0m\n\u001b[36m[2025-09-09T10:40:29.943Z]    Progress: 5/50 (10%)\u001b[0m\n\u001b[36m[2025-09-09T10:40:30.512Z]    Progress: 10/50 (20%)\u001b[0m\n\u001b[36m[2025-09-09T10:40:31.064Z]    Progress: 15/50 (30%)\u001b[0m\n\u001b[36m[2025-09-09T10:40:31.611Z]    Progress: 20/50 (40%)\u001b[0m\n\u001b[36m[2025-09-09T10:40:32.159Z]    Progress: 25/50 (50%)\u001b[0m\n\u001b[36m[2025-09-09T10:40:32.706Z]    Progress: 30/50 (60%)\u001b[0m\n\u001b[36m[2025-09-09T10:40:33.257Z]    Progress: 35/50 (70%)\u001b[0m\n\u001b[36m[2025-09-09T10:40:33.804Z]    Progress: 40/50 (80%)\u001b[0m\n\u001b[36m[2025-09-09T10:40:34.352Z]    Progress: 45/50 (90%)\u001b[0m\n\u001b[36m[2025-09-09T10:40:34.901Z]    Progress: 50/50 (100%)\u001b[0m\n\u001b[32m[2025-09-09T10:40:35.005Z] ‚úÖ Health Check: Avg 5ms, Success: 100.00%\u001b[0m\n\u001b[36m[2025-09-09T10:40:35.005Z] üèÉ‚Äç‚ôÇÔ∏è Performance testing: Reminder Parsing (20 iterations)\u001b[0m\n\u001b[32m[2025-09-09T10:40:45.043Z] ‚úÖ Reminder Parsing: Avg 0ms, Success: 0.00%\u001b[0m\n\u001b[36m[2025-09-09T10:40:45.044Z] üèÉ‚Äç‚ôÇÔ∏è Performance testing: Question Generation (15 iterations)\u001b[0m\n\u001b[36m[2025-09-09T10:40:45.159Z]    Progress: 2/15 (13%)\u001b[0m\n\u001b[36m[2025-09-09T10:40:45.378Z]    Progress: 4/15 (27%)\u001b[0m\n\u001b[36m[2025-09-09T10:40:45.593Z]    Progress: 6/15 (40%)\u001b[0m\n\u001b[36m[2025-09-09T10:40:45.815Z]    Progress: 8/15 (53%)\u001b[0m\n\u001b[36m[2025-09-09T10:40:46.034Z]    Progress: 10/15 (67%)\u001b[0m\n\u001b[36m[2025-09-09T10:40:46.251Z]    Progress: 12/15 (80%)\u001b[0m\n\u001b[36m[2025-09-09T10:40:46.480Z]    Progress: 14/15 (93%)\u001b[0m\n\u001b[32m[2025-09-09T10:40:46.692Z] ‚úÖ Question Generation: Avg 6ms, Success: 100.00%\u001b[0m\n\u001b[36m[2025-09-09T10:40:46.693Z] üèÉ‚Äç‚ôÇÔ∏è Performance testing: Report Generation (10 iterations)\u001b[0m\n\u001b[32m[2025-09-09T10:40:51.919Z] ‚úÖ Report Generation: Avg 0ms, Success: 0.00%\u001b[0m\n\u001b[36m[2025-09-09T10:40:51.920Z] üîÑ Testing Concurrent Request Handling\u001b[0m\n\u001b[36m[2025-09-09T10:40:51.920Z]    Testing 5 concurrent requests\u001b[0m\n\u001b[32m[2025-09-09T10:40:51.933Z]    ‚úÖ 5 requests: 5/5 successful (13ms total)\u001b[0m\n\u001b[36m[2025-09-09T10:40:51.933Z]    Testing 10 concurrent requests\u001b[0m\n\u001b[32m[2025-09-09T10:40:51.952Z]    ‚úÖ 10 requests: 10/10 successful (19ms total)\u001b[0m\n\u001b[36m[2025-09-09T10:40:51.952Z]    Testing 20 concurrent requests\u001b[0m\n\u001b[32m[2025-09-09T10:40:51.988Z]    ‚úÖ 20 requests: 20/20 successful (36ms total)\u001b[0m\n\u001b[36m[2025-09-09T10:40:51.988Z] üíæ Testing Memory Usage Pattern\u001b[0m\n\u001b[33m[2025-09-09T10:40:52.316Z]    Memory test error at iteration 1: Request failed with status code 500\u001b[0m\n\u001b[33m[2025-09-09T10:40:52.673Z]    Memory test error at iteration 2: Request failed with status code 500\u001b[0m\n\u001b[33m[2025-09-09T10:40:53.554Z]    Memory test error at iteration 3: Request failed with status code 500\u001b[0m\n\u001b[33m[2025-09-09T10:40:53.916Z]    Memory test error at iteration 4: Request failed with status code 500\u001b[0m\n\u001b[33m[2025-09-09T10:40:54.284Z]    Memory test error at iteration 5: Request failed with status code 500\u001b[0m\n\u001b[33m[2025-09-09T10:40:55.191Z]    Memory test error at iteration 6: Request failed with status code 500\u001b[0m\n\u001b[33m[2025-09-09T10:40:55.549Z]    Memory test error at iteration 7: Request failed with status code 500\u001b[0m\n\u001b[33m[2025-09-09T10:40:55.916Z]    Memory test error at iteration 8: Request failed with status code 500\u001b[0m\n\u001b[33m[2025-09-09T10:40:56.322Z]    Memory test error at iteration 9: Request failed with status code 500\u001b[0m\n\u001b[33m[2025-09-09T10:40:56.704Z]    Memory test error at iteration 10: Request failed with status code 500\u001b[0m\n\u001b[33m[2025-09-09T10:40:57.084Z]    Memory test error at iteration 11: Request failed with status code 500\u001b[0m\n\u001b[33m[2025-09-09T10:40:57.454Z]    Memory test error at iteration 12: Request failed with status code 500\u001b[0m\n\u001b[33m[2025-09-09T10:40:57.818Z]    Memory test error at iteration 13: Request failed with status code 500\u001b[0m\n\u001b[33m[2025-09-09T10:40:58.174Z]    Memory test error at iteration 14: Request failed with status code 500\u001b[0m\n\u001b[33m[2025-09-09T10:40:58.546Z]    Memory test error at iteration 15: Request failed with status code 500\u001b[0m\n\u001b[33m[2025-09-09T10:40:58.954Z]    Memory test error at iteration 16: Request failed with status code 500\u001b[0m\n\u001b[33m[2025-09-09T10:40:59.851Z]    Memory test error at iteration 17: Request failed with status code 500\u001b[0m\n\u001b[33m[2025-09-09T10:41:00.739Z]    Memory test error at iteration 18: Request failed with status code 500\u001b[0m\n\u001b[33m[2025-09-09T10:41:01.141Z]    Memory test error at iteration 19: Request failed with status code 500\u001b[0m\n\u001b[33m[2025-09-09T10:41:01.525Z]    Memory test error at iteration 20: Request failed with status code 500\u001b[0m\n\u001b[33m[2025-09-09T10:41:01.902Z]    Memory test error at iteration 21: Request failed with status code 500\u001b[0m\n\u001b[33m[2025-09-09T10:41:02.282Z]    Memory test error at iteration 22: Request failed with status code 500\u001b[0m\n\u001b[33m[2025-09-09T10:41:02.663Z]    Memory test error at iteration 23: Request failed with status code 500\u001b[0m\n\u001b[33m[2025-09-09T10:41:03.036Z]    Memory test error at iteration 24: Request failed with status code 500\u001b[0m\n\u001b[33m[2025-09-09T10:41:03.412Z]    Memory test error at iteration 25: Request failed with status code 500\u001b[0m\n\u001b[33m[2025-09-09T10:41:03.791Z]    Memory test error at iteration 26: Request failed with status code 500\u001b[0m\n\u001b[33m[2025-09-09T10:41:04.158Z]    Memory test error at iteration 27: Request failed with status code 500\u001b[0m\n\u001b[33m[2025-09-09T10:41:04.533Z]    Memory test error at iteration 28: Request failed with status code 500\u001b[0m\n\u001b[33m[2025-09-09T10:41:04.896Z]    Memory test error at iteration 29: Request failed with status code 500\u001b[0m\n\u001b[33m[2025-09-09T10:41:05.270Z]    Memory test error at iteration 30: Request failed with status code 500\u001b[0m\n\u001b[33m[2025-09-09T10:41:05.633Z]    Memory test error at iteration 31: Request failed with status code 500\u001b[0m\n\u001b[33m[2025-09-09T10:41:05.996Z]    Memory test error at iteration 32: Request failed with status code 500\u001b[0m\n\u001b[33m[2025-09-09T10:41:06.379Z]    Memory test error at iteration 33: Request failed with status code 500\u001b[0m\n\u001b[33m[2025-09-09T10:41:06.753Z]    Memory test error at iteration 34: Request failed with status code 500\u001b[0m\n\u001b[33m[2025-09-09T10:41:07.120Z]    Memory test error at iteration 35: Request failed with status code 500\u001b[0m\n\u001b[33m[2025-09-09T10:41:07.489Z]    Memory test error at iteration 36: Request failed with status code 500\u001b[0m\n\u001b[33m[2025-09-09T10:41:07.889Z]    Memory test error at iteration 37: Request failed with status code 500\u001b[0m\n\u001b[33m[2025-09-09T10:41:08.250Z]    Memory test error at iteration 38: Request failed with status code 500\u001b[0m\n\u001b[33m[2025-09-09T10:41:08.638Z]    Memory test error at iteration 39: Request failed with status code 500\u001b[0m\n\u001b[33m[2025-09-09T10:41:09.010Z]    Memory test error at iteration 40: Request failed with status code 500\u001b[0m\n\u001b[33m[2025-09-09T10:41:09.384Z]    Memory test error at iteration 41: Request failed with status code 500\u001b[0m\n\u001b[33m[2025-09-09T10:41:09.756Z]    Memory test error at iteration 42: Request failed with status code 500\u001b[0m\n\u001b[33m[2025-09-09T10:41:10.124Z]    Memory test error at iteration 43: Request failed with status code 500\u001b[0m\n\u001b[33m[2025-09-09T10:41:10.487Z]    Memory test error at iteration 44: Request failed with status code 500\u001b[0m\n\u001b[33m[2025-09-09T10:41:10.854Z]    Memory test error at iteration 45: Request failed with status code 500\u001b[0m\n\u001b[33m[2025-09-09T10:41:11.238Z]    Memory test error at iteration 46: Request failed with status code 500\u001b[0m\n\u001b[33m[2025-09-09T10:41:11.641Z]    Memory test error at iteration 47: Request failed with status code 500\u001b[0m\n\u001b[33m[2025-09-09T10:41:12.017Z]    Memory test error at iteration 48: Request failed with status code 500\u001b[0m\n\u001b[33m[2025-09-09T10:41:12.394Z]    Memory test error at iteration 49: Request failed with status code 500\u001b[0m\n\u001b[33m[2025-09-09T10:41:12.758Z]    Memory test error at iteration 50: Request failed with status code 500\u001b[0m\n\u001b[33m[2025-09-09T10:41:13.118Z]    Memory test error at iteration 51: Request failed with status code 500\u001b[0m\n\u001b[33m[2025-09-09T10:41:13.482Z]    Memory test error at iteration 52: Request failed with status code 500\u001b[0m\n\u001b[33m[2025-09-09T10:41:13.853Z]    Memory test error at iteration 53: Request failed with status code 500\u001b[0m\n\u001b[33m[2025-09-09T10:41:14.225Z]    Memory test error at iteration 54: Request failed with status code 500\u001b[0m\n\u001b[33m[2025-09-09T10:41:14.612Z]    Memory test error at iteration 55: Request failed with status code 500\u001b[0m\n\u001b[33m[2025-09-09T10:41:15.491Z]    Memory test error at iteration 56: Request failed with status code 500\u001b[0m\n\u001b[33m[2025-09-09T10:41:15.854Z]    Memory test error at iteration 57: Request failed with status code 500\u001b[0m\n\u001b[33m[2025-09-09T10:41:16.252Z]    Memory test error at iteration 58: Request failed with status code 500\u001b[0m\n\u001b[33m[2025-09-09T10:41:16.616Z]    Memory test error at iteration 59: Request failed with status code 500\u001b[0m\n\u001b[33m[2025-09-09T10:41:17.488Z]    Memory test error at iteration 60: Request failed with status code 500\u001b[0m\n\u001b[33m[2025-09-09T10:41:17.853Z]    Memory test error at iteration 61: Request failed with status code 500\u001b[0m\n\u001b[33m[2025-09-09T10:41:18.217Z]    Memory test error at iteration 62: Request failed with status code 500\u001b[0m\n\u001b[33m[2025-09-09T10:41:18.604Z]    Memory test error at iteration 63: Request failed with status code 500\u001b[0m\n\u001b[33m[2025-09-09T10:41:18.981Z]    Memory test error at iteration 64: Request failed with status code 500\u001b[0m\n\u001b[33m[2025-09-09T10:41:19.372Z]    Memory test error at iteration 65: Request failed with status code 500\u001b[0m\n\u001b[33m[2025-09-09T10:41:19.746Z]    Memory test error at iteration 66: Request failed with status code 500\u001b[0m\n\u001b[33m[2025-09-09T10:41:20.630Z]    Memory test error at iteration 67: Request failed with status code 500\u001b[0m\n\u001b[33m[2025-09-09T10:41:21.001Z]    Memory test error at iteration 68: Request failed with status code 500\u001b[0m\n\u001b[33m[2025-09-09T10:41:21.369Z]    Memory test error at iteration 69: Request failed with status code 500\u001b[0m\n\u001b[33m[2025-09-09T10:41:21.752Z]    Memory test error at iteration 70: Request failed with status code 500\u001b[0m\n\u001b[33m[2025-09-09T10:41:22.116Z]    Memory test error at iteration 71: Request failed with status code 500\u001b[0m\n\u001b[33m[2025-09-09T10:41:22.480Z]    Memory test error at iteration 72: Request failed with status code 500\u001b[0m\n\u001b[33m[2025-09-09T10:41:22.858Z]    Memory test error at iteration 73: Request failed with status code 500\u001b[0m\n\u001b[33m[2025-09-09T10:41:23.235Z]    Memory test error at iteration 74: Request failed with status code 500\u001b[0m\n\u001b[33m[2025-09-09T10:41:23.607Z]    Memory test error at iteration 75: Request failed with status code 500\u001b[0m\n\u001b[33m[2025-09-09T10:41:23.975Z]    Memory test error at iteration 76: Request failed with status code 500\u001b[0m\n\u001b[33m[2025-09-09T10:41:24.328Z]    Memory test error at iteration 77: Request failed with status code 500\u001b[0m\n\u001b[33m[2025-09-09T10:41:24.693Z]    Memory test error at iteration 78: Request failed with status code 500\u001b[0m\n\u001b[33m[2025-09-09T10:41:25.066Z]    Memory test error at iteration 79: Request failed with status code 500\u001b[0m\n\u001b[33m[2025-09-09T10:41:25.441Z]    Memory test error at iteration 80: Request failed with status code 500\u001b[0m\n\u001b[33m[2025-09-09T10:41:25.802Z]    Memory test error at iteration 81: Request failed with status code 500\u001b[0m\n\u001b[33m[2025-09-09T10:41:26.169Z]    Memory test error at iteration 82: Request failed with status code 500\u001b[0m\n\u001b[33m[2025-09-09T10:41:26.541Z]    Memory test error at iteration 83: Request failed with status code 500\u001b[0m\n\u001b[33m[2025-09-09T10:41:26.915Z]    Memory test error at iteration 84: Request failed with status code 500\u001b[0m\n\u001b[33m[2025-09-09T10:41:27.285Z]    Memory test error at iteration 85: Request failed with status code 500\u001b[0m\n\u001b[33m[2025-09-09T10:41:27.647Z]    Memory test error at iteration 86: Request failed with status code 500\u001b[0m\n\u001b[33m[2025-09-09T10:41:28.001Z]    Memory test error at iteration 87: Request failed with status code 500\u001b[0m\n\u001b[33m[2025-09-09T10:41:28.366Z]    Memory test error at iteration 88: Request failed with status code 500\u001b[0m\n\u001b[33m[2025-09-09T10:41:28.746Z]    Memory test error at iteration 89: Request failed with status code 500\u001b[0m\n\u001b[33m[2025-09-09T10:41:29.636Z]    Memory test error at iteration 90: Request failed with status code 500\u001b[0m\n\u001b[33m[2025-09-09T10:41:30.009Z]    Memory test error at iteration 91: Request failed with status code 500\u001b[0m\n\u001b[33m[2025-09-09T10:41:30.392Z]    Memory test error at iteration 92: Request failed with status code 500\u001b[0m\n\u001b[33m[2025-09-09T10:41:30.755Z]    Memory test error at iteration 93: Request failed with status code 500\u001b[0m\n\u001b[33m[2025-09-09T10:41:31.133Z]    Memory test error at iteration 94: Request failed with status code 500\u001b[0m\n\u001b[33m[2025-09-09T10:41:31.511Z]    Memory test error at iteration 95: Request failed with status code 500\u001b[0m\n\u001b[33m[2025-09-09T10:41:31.875Z]    Memory test error at iteration 96: Request failed with status code 500\u001b[0m\n\u001b[33m[2025-09-09T10:41:32.242Z]    Memory test error at iteration 97: Request failed with status code 500\u001b[0m\n\u001b[33m[2025-09-09T10:41:32.627Z]    Memory test error at iteration 98: Request failed with status code 500\u001b[0m\n\u001b[33m[2025-09-09T10:41:33.125Z]    Memory test error at iteration 99: Request failed with status code 500\u001b[0m\n\u001b[33m[2025-09-09T10:41:33.495Z]    Memory test error at iteration 100: Request failed with status code 500\u001b[0m\n\u001b[32m[2025-09-09T10:41:33.562Z] ‚úÖ Memory usage test completed (100 iterations)\u001b[0m\n\u001b[36m[2025-09-09T10:41:33.563Z] üö® Testing Error Handling Performance\u001b[0m\n\u001b[32m[2025-09-09T10:41:33.591Z]    ‚úÖ Missing Audio File: 10/10 proper errors\u001b[0m\n\u001b[32m[2025-09-09T10:41:33.619Z]    ‚úÖ Missing Text: 10/10 proper errors\u001b[0m\n\u001b[32m[2025-09-09T10:41:33.638Z]    ‚úÖ Invalid Conversation ID: 10/10 proper errors\u001b[0m\n\u001b[32m[2025-09-09T10:41:33.665Z]    ‚úÖ Missing Question Data: 10/10 proper errors\u001b[0m\n\n======================================================================\nüìä PERFORMANCE TEST SUMMARY\n======================================================================\nüè• Overall Health: POOR\n‚ö° Average Response Time: 3ms\n‚ùå Total Errors: 30\nüß™ Tests Completed: 7\n\nüí° RECOMMENDATIONS:\n   - Reminder Parsing has low success rate (0.00%)\n   - Report Generation has low success rate (0.00%)\n   - Improve error handling and retry mechanisms\n\nüìà DETAILED RESULTS:\n   Health Check: 5ms avg, 100.00% success\n   Reminder Parsing: 0ms avg, 0.00% success\n   Question Generation: 6ms avg, 100.00% success\n   Report Generation: 0ms avg, 0.00% success\n======================================================================\n\u001b[36m[2025-09-09T10:41:33.667Z] \nüíæ Performance results saved to: C:\\Users\\Raghu\\Desktop\\Voice-Based-Medicine-Reminder\\server\\performance-test-results.json\u001b[0m\n\nüö® Performance tests completed - Optimization needed.\n",
      "errorOutput": ""
    }
  },
  "summary": {
    "totalSuites": 3,
    "passedSuites": 0,
    "failedSuites": 3,
    "successRate": "0.0",
    "totalDuration": 104319,
    "averageDuration": "34773",
    "overallSuccess": false,
    "recommendations": [
      "3 test suite(s) failed - investigate and fix issues"
    ]
  }
}